Arguments: 
  /Users/nguyenducduy/.nvm/versions/node/v9.11.1/bin/node /usr/local/Cellar/yarn/1.6.0/libexec/bin/yarn.js

PATH: 
  /Users/nguyenducduy/Downloads/google-cloud-sdk/bin:/Users/nguyenducduy/.nvm/versions/node/v9.11.1/bin:/Users/nguyenducduy/go/bin:/usr/local/bin:/usr/local/sbin:/usr/local/sbin:/usr/bin:/bin:/usr/sbin:/sbin:/usr/local/bin:/opt/X11/bin

Yarn version: 
  1.6.0

Node version: 
  9.11.1

Platform: 
  darwin x64

Trace: 
  SyntaxError: /Users/nguyenducduy/olli-workspace/api-poi/package.json: Unexpected token } in JSON at position 671
      at JSON.parse (<anonymous>)
      at /usr/local/Cellar/yarn/1.6.0/libexec/lib/cli.js:1130:59
      at Generator.next (<anonymous>)
      at step (/usr/local/Cellar/yarn/1.6.0/libexec/lib/cli.js:98:30)
      at /usr/local/Cellar/yarn/1.6.0/libexec/lib/cli.js:109:13
      at <anonymous>

npm manifest: 
  {
    "name": "nestjs-graphql-starter",
    "version": "1.0.0",
    "description": "Nest Graphql Starter",
    "scripts": {
      "dev": "NODE_ENV=dev ts-node-dev --fast --respawn --no-deps src/main.ts --project src/tsconfig.json",
      "start": "NODE_ENV=prod ts-node --fast src/main.ts --project src/tsconfig.json"
    },
    "author": "Shirou <nguyenducduy.it@gmail.com>",
    "license": "MIT",
    "dependencies": {
      "@google/maps": "^0.5.3",
      "@nestjs/common": "5.0.1",
      "@nestjs/core": "5.0.1",
      "@nestjs/elasticsearch": "^0.0.1",
      "@nestjs/graphql": "3.0.0",
      "@nestjs/microservices": "5.0.1",
      "@nestjs/typeorm": "^5.0.1",
      "@nestjs/websockets": "5.0.1",
  
    },
    "devDependencies": {
      "@types/express": "4.16.0",
      "@types/graphql": "0.13.1",
      "@types/gulp": "4.0.5",
      "@types/lodash": "4.14.109",
      "@types/node": "10.3.3",
      "@types/rimraf": "2.0.2",
      "@types/webpack": "4.4.0",
      "@types/webpack-env": "1.13.6",
      "ts-node-dev": "1.0.0-pre.26",
      "tslint": "^5.7.0",
      "tslint-config-standard": "^6.0.1"
    }
  }

yarn manifest: 
  No manifest

Lockfile: 
  # THIS IS AN AUTOGENERATED FILE. DO NOT EDIT THIS FILE DIRECTLY.
  # yarn lockfile v1
